<?xml version="1.0" encoding="UTF-8"?>
<testsuite xmlns:xsi="http://www.w3.org/2001/XMLSchema-instance" xsi:noNamespaceSchemaLocation="https://maven.apache.org/surefire/maven-surefire-plugin/xsd/surefire-test-report.xsd" version="3.0.2" name="com.martinfou.trading.data.OandaTest" time="0.041" tests="1" errors="0" skipped="0" failures="0">
  <properties>
[...]
</properties>
  <testcase name="testCalendar" classname="com.martinfou.trading.data.OandaTest" time="0.037">
    <system-out><![CDATA[
=== ECONOMIC CALENDAR: May 18-24, 2026 (stored UTC, shown America/Toronto) ===
🔥 Sun 17 18:00 CNY China Industrial Production | Prev: +5.7% | Fest: +5.2%
🔥 Sun 17 18:00 CNY China Retail Sales | Prev: +1.7% | Fest: +2.5%
🔥 Mon 18 14:50 JPY Japan GDP Q1 (Prelim) | Prev: +0.3% | Fest: +0.5%
🔥 Mon 18 15:30 AUD RBA Meeting Minutes | Prev: 4.35% | Fest: -
🔥 Tue 19 05:00 GBP UK Average Weekly Earnings | Prev: +3.8% | Fest: +3.5%
🔥 Tue 19 12:30 CAD Canada CPI (Inflation) | Prev: +2.3% | Fest: +2.1%
🔥 Wed 20 05:00 GBP UK CPI | Prev: +3.9% | Fest: +3.4%
🔥 Wed 20 18:00 USD FOMC Meeting Minutes | Prev: - | Fest: -
🔥 Wed 20 15:30 AUD Australia Employment | Prev: +32K | Fest: +20K
📊 Thu 21 07:00 EUR Germany PMI Flash | Prev: 48.5 | Fest: 49.0
📊 Thu 21 08:30 GBP UK PMI Flash | Prev: 50.2 | Fest: 50.5
📊 Thu 21 13:45 USD US PMI Flash | Prev: 50.0 | Fest: 50.3
🔥 Fri 22 05:00 GBP UK Retail Sales | Prev: -0.5% | Fest: +0.3%
]]></system-out>
  </testcase>
</testsuite>